{
  "Cucumber Features": {
    "coverage": {
      "C:/Users/cypronmaya/Documents/NetBeansProjects/hw4_rottenpotatoes/app/controllers/application_controller.rb": [
        1,
        1,
        null
      ],
      "C:/Users/cypronmaya/Documents/NetBeansProjects/hw4_rottenpotatoes/app/helpers/application_helper.rb": [
        1,
        null
      ],
      "C:/Users/cypronmaya/Documents/NetBeansProjects/hw4_rottenpotatoes/app/helpers/movies_helper.rb": [
        1,
        null,
        1,
        0,
        null,
        null
      ],
      "C:/Users/cypronmaya/Documents/NetBeansProjects/hw4_rottenpotatoes/app/controllers/movies_controller.rb": [
        1,
        null,
        1,
        3,
        3,
        null,
        null,
        null,
        1,
        21,
        21,
        null,
        2,
        null,
        2,
        null,
        21,
        21,
        null,
        21,
        2,
        2,
        null,
        null,
        19,
        4,
        4,
        4,
        null,
        15,
        null,
        null,
        1,
        null,
        null,
        null,
        1,
        0,
        0,
        0,
        null,
        null,
        1,
        2,
        2,
        2,
        1,
        1,
        null,
        null,
        null,
        1,
        1,
        null,
        null,
        1,
        1,
        1,
        1,
        1,
        null,
        null,
        1,
        0,
        0,
        0,
        0,
        null,
        null,
        null
      ],
      "C:/Users/cypronmaya/Documents/NetBeansProjects/hw4_rottenpotatoes/app/models/movie.rb": [
        1,
        1,
        21,
        null,
        null
      ]
    },
    "timestamp": 1340176575
  },
  "RSpec": {
    "coverage": {
      "C:/Users/cypronmaya/Documents/NetBeansProjects/hw4_rottenpotatoes/app/controllers/application_controller.rb": [
        1,
        1,
        null
      ],
      "C:/Users/cypronmaya/Documents/NetBeansProjects/hw4_rottenpotatoes/app/helpers/application_helper.rb": [
        1,
        null
      ],
      "C:/Users/cypronmaya/Documents/NetBeansProjects/hw4_rottenpotatoes/app/helpers/movies_helper.rb": [
        1,
        null,
        1,
        0,
        null,
        null
      ],
      "C:/Users/cypronmaya/Documents/NetBeansProjects/hw4_rottenpotatoes/app/controllers/movies_controller.rb": [
        1,
        null,
        1,
        1,
        1,
        null,
        null,
        null,
        1,
        4,
        4,
        null,
        1,
        null,
        1,
        null,
        4,
        4,
        null,
        4,
        2,
        2,
        null,
        null,
        2,
        1,
        1,
        1,
        null,
        1,
        1,
        null,
        null,
        1,
        null,
        null,
        null,
        1,
        1,
        1,
        1,
        null,
        null,
        1,
        2,
        2,
        2,
        1,
        1,
        null,
        null,
        null,
        1,
        1,
        null,
        null,
        1,
        2,
        2,
        2,
        2,
        null,
        null,
        1,
        1,
        1,
        1,
        1,
        null,
        null,
        null
      ],
      "C:/Users/cypronmaya/Documents/NetBeansProjects/hw4_rottenpotatoes/app/models/movie.rb": [
        1,
        1,
        4,
        null,
        null
      ]
    },
    "timestamp": 1340294836
  }
}
